<?xml version="1.0" encoding="utf-8"?><testsuites name="pytest tests"><testsuite name="pytest" errors="0" failures="0" skipped="0" tests="13" time="1.878" timestamp="2026-05-31T05:53:38.514484+00:00" hostname="agent-env-53e6c142-0b10-4742-84fe-082fcb58ffb7"><testcase classname="backend.tests.test_signalops_api" name="test_root_api" time="0.260" /><testcase classname="backend.tests.test_signalops_api" name="test_auth_me_unauthenticated" time="0.100" /><testcase classname="backend.tests.test_signalops_api" name="test_auth_me_with_invalid_token" time="0.105" /><testcase classname="backend.tests.test_signalops_api" name="test_auth_me_with_valid_token" time="0.122" /><testcase classname="backend.tests.test_signalops_api" name="test_auth_session_endpoint_exists" time="0.298" /><testcase classname="backend.tests.test_signalops_api" name="test_incidents_requires_auth" time="0.103" /><testcase classname="backend.tests.test_signalops_api" name="test_incidents_returns_50" time="0.122" /><testcase classname="backend.tests.test_signalops_api" name="test_metrics_requires_auth" time="0.107" /><testcase classname="backend.tests.test_signalops_api" name="test_metrics_structure" time="0.103" /><testcase classname="backend.tests.test_signalops_api" name="test_analytics_structure" time="0.156" /><testcase classname="backend.tests.test_signalops_api" name="test_activity_requires_auth" time="0.100" /><testcase classname="backend.tests.test_signalops_api" name="test_activity_feed" time="0.116" /><testcase classname="backend.tests.test_signalops_api" name="test_logout_no_cookie_succeeds" time="0.113" /></testsuite></testsuites>